2017-10-25 16:21:25 INFO  WorkFlowCleanUp:55 - WorkFlowCleanUp Starting :2017-10-25T16:21:25.371+01:00
2017-10-25 16:21:25 INFO  WorkFlowCleanUp:58 - Days to keep=14
2017-10-25 16:21:25 INFO  WorkFlowCleanUp:59 - Workflow Directory=C:\Users\MSINFI~1\AppData\Local\Temp\junit6622810468093364904\workflowTrash
2017-10-25 16:21:25 INFO  WorkFlowCleanUp:60 - delete files=false
2017-10-25 16:21:25 INFO  WorkFlowCleanUp:76 - Processing Year:2017
2017-10-25 16:21:25 INFO  WorkFlowCleanUp:104 - Processing Month:09
2017-10-25 16:21:25 INFO  WorkFlowCleanUp:127 - Processing Day Directories:23
2017-10-25 16:21:25 INFO  WorkFlowCleanUp:144 - ** SIMULATION MODE ** Directory would be deleted
2017-10-25 16:21:25 INFO  WorkFlowCleanUp:104 - Processing Month:10
2017-10-25 16:21:25 INFO  WorkFlowCleanUp:127 - Processing Day Directories:10
2017-10-25 16:21:25 INFO  WorkFlowCleanUp:144 - ** SIMULATION MODE ** Directory would be deleted
2017-10-25 16:21:25 INFO  WorkFlowCleanUp:127 - Processing Day Directories:25
2017-10-25 16:21:25 INFO  WorkFlowCleanUp:69 - WorkFlowCleanUp Completed :2017-10-25T16:21:25.438+01:00
2017-10-25 16:21:25 INFO  WorkFlowCleanUp:55 - WorkFlowCleanUp Starting :2017-10-25T16:21:25.445+01:00
2017-10-25 16:21:25 INFO  WorkFlowCleanUp:58 - Days to keep=14
2017-10-25 16:21:25 INFO  WorkFlowCleanUp:59 - Workflow Directory=C:\Users\MSINFI~1\AppData\Local\Temp\junit8456051571589319365\workflowTrash
2017-10-25 16:21:25 INFO  WorkFlowCleanUp:60 - delete files=true
2017-10-25 16:21:25 INFO  WorkFlowCleanUp:76 - Processing Year:2017
2017-10-25 16:21:25 INFO  WorkFlowCleanUp:104 - Processing Month:09
2017-10-25 16:21:25 INFO  WorkFlowCleanUp:127 - Processing Day Directories:23
2017-10-25 16:21:25 INFO  WorkFlowCleanUp:141 - Day Directory is 32 days old and will be deleted
2017-10-25 16:21:25 INFO  WorkFlowCleanUp:116 - Month Directory 09 is empty and will be deleted
2017-10-25 16:21:25 INFO  WorkFlowCleanUp:104 - Processing Month:10
2017-10-25 16:21:25 INFO  WorkFlowCleanUp:127 - Processing Day Directories:10
2017-10-25 16:21:25 INFO  WorkFlowCleanUp:141 - Day Directory is 15 days old and will be deleted
2017-10-25 16:21:25 INFO  WorkFlowCleanUp:127 - Processing Day Directories:25
2017-10-25 16:21:25 INFO  WorkFlowCleanUp:69 - WorkFlowCleanUp Completed :2017-10-25T16:21:25.457+01:00
2017-10-25 16:21:25 INFO  WorkFlowCleanUp:55 - WorkFlowCleanUp Starting :2017-10-25T16:21:25.463+01:00
2017-10-25 16:21:25 INFO  WorkFlowCleanUp:58 - Days to keep=14
2017-10-25 16:21:25 INFO  WorkFlowCleanUp:59 - Workflow Directory=C:\Users\MSINFI~1\AppData\Local\Temp\junit1396029140495723325\workflowTrash
2017-10-25 16:21:25 INFO  WorkFlowCleanUp:60 - delete files=true
2017-10-25 16:21:25 INFO  WorkFlowCleanUp:76 - Processing Year:2017
2017-10-25 16:21:25 INFO  WorkFlowCleanUp:104 - Processing Month:09
2017-10-25 16:21:25 INFO  WorkFlowCleanUp:127 - Processing Day Directories:23
2017-10-25 16:21:25 INFO  WorkFlowCleanUp:141 - Day Directory is 32 days old and will be deleted
2017-10-25 16:21:25 INFO  WorkFlowCleanUp:116 - Month Directory 09 is empty and will be deleted
2017-10-25 16:21:25 INFO  WorkFlowCleanUp:104 - Processing Month:10
2017-10-25 16:21:25 INFO  WorkFlowCleanUp:127 - Processing Day Directories:10
2017-10-25 16:21:25 INFO  WorkFlowCleanUp:141 - Day Directory is 15 days old and will be deleted
2017-10-25 16:21:25 INFO  WorkFlowCleanUp:127 - Processing Day Directories:25
2017-10-25 16:21:25 INFO  WorkFlowCleanUp:69 - WorkFlowCleanUp Completed :2017-10-25T16:21:25.469+01:00
