2017-10-19 10:41:24 DEBUG PropertiesConfiguration:588 - FileName set to WorkFlowCleanUp.properties
2017-10-19 10:41:24 DEBUG ConfigurationUtils:449 - ConfigurationUtils.locate(): base is null, name is WorkFlowCleanUp.properties
2017-10-19 10:41:24 DEBUG DefaultFileSystem:281 - Could not locate file WorkFlowCleanUp.properties at null: no protocol: WorkFlowCleanUp.properties
2017-10-19 10:42:14 DEBUG PropertiesConfiguration:588 - FileName set to WorkFlowCleanUp.properties
2017-10-19 10:42:14 DEBUG ConfigurationUtils:449 - ConfigurationUtils.locate(): base is null, name is WorkFlowCleanUp.properties
2017-10-19 10:42:14 DEBUG DefaultFileSystem:281 - Could not locate file WorkFlowCleanUp.properties at null: no protocol: WorkFlowCleanUp.properties
2017-10-19 10:43:15 DEBUG PropertiesConfiguration:588 - FileName set to WorkFlowCleanUp.properties
2017-10-19 10:43:15 DEBUG ConfigurationUtils:449 - ConfigurationUtils.locate(): base is null, name is WorkFlowCleanUp.properties
2017-10-19 10:43:15 DEBUG DefaultFileSystem:281 - Could not locate file WorkFlowCleanUp.properties at null: no protocol: WorkFlowCleanUp.properties
2017-10-19 10:43:54 DEBUG PropertiesConfiguration:588 - FileName set to WorkFlowCleanUp.properties
2017-10-19 10:43:54 DEBUG ConfigurationUtils:449 - ConfigurationUtils.locate(): base is null, name is WorkFlowCleanUp.properties
2017-10-19 10:43:54 DEBUG DefaultFileSystem:281 - Could not locate file WorkFlowCleanUp.properties at null: no protocol: WorkFlowCleanUp.properties
2017-10-19 10:46:04 DEBUG PropertiesConfiguration:588 - FileName set to WorkFlowCleanUp.properties
2017-10-19 10:46:04 DEBUG ConfigurationUtils:449 - ConfigurationUtils.locate(): base is null, name is WorkFlowCleanUp.properties
2017-10-19 10:46:04 DEBUG DefaultFileSystem:281 - Could not locate file WorkFlowCleanUp.properties at null: no protocol: WorkFlowCleanUp.properties
2017-10-19 11:22:46 DEBUG PropertiesConfiguration:588 - FileName set to WorkFlowCleanUp.properties
2017-10-19 11:22:46 DEBUG ConfigurationUtils:449 - ConfigurationUtils.locate(): base is null, name is WorkFlowCleanUp.properties
2017-10-19 11:22:46 DEBUG DefaultFileSystem:281 - Could not locate file WorkFlowCleanUp.properties at null: no protocol: WorkFlowCleanUp.properties
2017-10-19 11:23:45 DEBUG PropertiesConfiguration:588 - FileName set to WorkFlowCleanUp.properties
2017-10-19 11:23:45 DEBUG ConfigurationUtils:449 - ConfigurationUtils.locate(): base is null, name is WorkFlowCleanUp.properties
2017-10-19 11:23:45 DEBUG DefaultFileSystem:281 - Could not locate file WorkFlowCleanUp.properties at null: no protocol: WorkFlowCleanUp.properties
2017-10-19 11:24:08 DEBUG PropertiesConfiguration:588 - FileName set to WorkFlowCleanUp.properties
2017-10-19 11:24:08 DEBUG ConfigurationUtils:449 - ConfigurationUtils.locate(): base is null, name is WorkFlowCleanUp.properties
2017-10-19 11:24:08 DEBUG DefaultFileSystem:281 - Could not locate file WorkFlowCleanUp.properties at null: no protocol: WorkFlowCleanUp.properties
2017-10-19 11:24:47 DEBUG PropertiesConfiguration:588 - FileName set to WorkFlowCleanUp.properties
2017-10-19 11:24:47 DEBUG ConfigurationUtils:449 - ConfigurationUtils.locate(): base is null, name is WorkFlowCleanUp.properties
2017-10-19 11:24:47 DEBUG DefaultFileSystem:281 - Could not locate file WorkFlowCleanUp.properties at null: no protocol: WorkFlowCleanUp.properties
2017-10-19 13:21:56 DEBUG PropertiesConfiguration:588 - FileName set to WorkFlowCleanUp.properties
2017-10-19 13:21:56 DEBUG ConfigurationUtils:449 - ConfigurationUtils.locate(): base is null, name is WorkFlowCleanUp.properties
2017-10-19 13:21:56 DEBUG DefaultFileSystem:281 - Could not locate file WorkFlowCleanUp.properties at null: no protocol: WorkFlowCleanUp.properties
2017-10-19 13:30:27 DEBUG PropertiesConfiguration:588 - FileName set to WorkFlowCleanUp.properties
2017-10-19 13:30:27 DEBUG ConfigurationUtils:449 - ConfigurationUtils.locate(): base is null, name is WorkFlowCleanUp.properties
2017-10-19 13:30:27 DEBUG DefaultFileSystem:281 - Could not locate file WorkFlowCleanUp.properties at null: no protocol: WorkFlowCleanUp.properties
2017-10-19 13:38:25 DEBUG PropertiesConfiguration:588 - FileName set to WorkFlowCleanUp.properties
2017-10-19 13:38:25 DEBUG ConfigurationUtils:449 - ConfigurationUtils.locate(): base is null, name is WorkFlowCleanUp.properties
2017-10-19 13:38:25 DEBUG DefaultFileSystem:281 - Could not locate file WorkFlowCleanUp.properties at null: no protocol: WorkFlowCleanUp.properties
2017-10-19 13:38:25 DEBUG ConfigurationUtils:515 - Loading configuration from the home path C:\Users\msinfield\WorkFlowCleanUp.properties
2017-10-19 13:38:25 DEBUG PropertiesConfiguration:626 - Base path set to file:///C:/Users/msinfield/WorkFlowCleanUp.properties
2017-10-19 13:38:25 INFO  WorkFlowCleanUp:53 - WorkFlowCleanUp Starting :2017-10-19T13:38:25.528+01:00
2017-10-19 13:38:25 INFO  WorkFlowCleanUp:56 - Days to keep=14
2017-10-19 13:38:25 INFO  WorkFlowCleanUp:57 - Workflow Directory=C:\java\data
2017-10-19 13:38:25 INFO  WorkFlowCleanUp:58 - delete files=true
2017-10-19 13:38:25 INFO  WorkFlowCleanUp:74 - Processing Year:2017
2017-10-19 13:38:25 INFO  WorkFlowCleanUp:102 - Processing Month:07
2017-10-19 13:38:25 INFO  WorkFlowCleanUp:125 - Processing Day Directories:New folder
2017-10-19 13:38:25 ERROR WorkFlowCleanUp:146 - java.lang.NumberFormatException: For input string: "New folder"
2017-10-19 13:38:25 INFO  WorkFlowCleanUp:102 - Processing Month:10
2017-10-19 13:38:25 INFO  WorkFlowCleanUp:125 - Processing Day Directories:15
2017-10-19 13:38:25 INFO  WorkFlowCleanUp:67 - WorkFlowCleanUp Completed :2017-10-19T13:38:25.596+01:00
